Arguments: 
  C:\Program Files\nodejs\node.exe C:\Program Files\Yarn\bin\yarn.js add bootstrap popper,js jquery --save-dev

PATH: 
  C:\Users\Valcinei\bin;C:\Program Files\Git\mingw32\bin;C:\Program Files\Git\usr\local\bin;C:\Program Files\Git\usr\bin;C:\Program Files\Git\usr\bin;C:\Program Files\Git\mingw32\bin;C:\Program Files\Git\usr\bin;C:\Users\Valcinei\bin;C:\Python27;C:\Python27\Scripts;C:\Program Files\EasyPHP-DevServer-14.1VC11\binaries\php\php_runningversion;C:\Windows\system32;C:\Windows;C:\Windows\System32\Wbem;C:\Windows\System32\WindowsPowerShell\v1.0;C:\Program Files\nodejs;C:\ProgramData\chocolatey\bin;C:\Program Files\Git\cmd;C:\Program Files\Yarn\bin;C:\Users\Valcinei\AppData\Roaming\npm;C:\Users\Valcinei\AppData\Local\Yarn\bin;C:\Users\Valcinei\AppData\Local\Programs\Microsoft VS Code\bin;C:\Program Files\Git\usr\bin\vendor_perl;C:\Program Files\Git\usr\bin\core_perl

Yarn version: 
  1.17.3

Node version: 
  12.6.0

Platform: 
  win32 ia32

Trace: 
  Error: https://registry.yarnpkg.com/popper,js: Not found
      at Request.params.callback [as _callback] (C:\Program Files\Yarn\lib\cli.js:65939:18)
      at Request.self.callback (C:\Program Files\Yarn\lib\cli.js:140464:22)
      at Request.emit (events.js:203:13)
      at Request.<anonymous> (C:\Program Files\Yarn\lib\cli.js:141436:10)
      at Request.emit (events.js:203:13)
      at IncomingMessage.<anonymous> (C:\Program Files\Yarn\lib\cli.js:141358:12)
      at Object.onceWrapper (events.js:291:20)
      at IncomingMessage.emit (events.js:208:15)
      at endReadableNT (_stream_readable.js:1154:12)
      at processTicksAndRejections (internal/process/task_queues.js:77:11)

npm manifest: 
  {
    "name": "portfolio",
    "version": "1.0.0",
    "description": "",
    "main": "index.js",
    "scripts": {
      "test": "echo \"Error: no test specified\" && exit 1"
    },
    "repository": "git+https://github.com/ValcineiJr/portf-lio.git",
    "author": "Valcinei <hakjog@gmail.com>",
    "license": "ISC",
    "bugs": {
      "url": "https://github.com/ValcineiJr/portf-lio/issues"
    },
    "homepage": "https://github.com/ValcineiJr/portf-lio#readme"
  }

yarn manifest: 
  No manifest

Lockfile: 
  No lockfile
